sample.interval=20000
".Call" "lsoda" "ode" "solveModel" "posterior" "run_metropolis_MCMC" 
".Call" "lsoda" "ode" "solveModel" "posterior" "run_metropolis_MCMC" 
".Call" "lsoda" "ode" "solveModel" "posterior" "run_metropolis_MCMC" 
".Call" "lsoda" "ode" "solveModel" "posterior" "run_metropolis_MCMC" 
".Call" "lsoda" "ode" "solveModel" "posterior" "run_metropolis_MCMC" 
".Call" "lsoda" "ode" "solveModel" "posterior" "run_metropolis_MCMC" 
".Call" "lsoda" "ode" "solveModel" "posterior" "run_metropolis_MCMC" 
".Call" "lsoda" "ode" "solveModel" "posterior" "run_metropolis_MCMC" 
".Call" "lsoda" "ode" "solveModel" "posterior" "run_metropolis_MCMC" 
".Call" "lsoda" "ode" "solveModel" "posterior" "run_metropolis_MCMC" 
".Call" "lsoda" "ode" "solveModel" "posterior" "run_metropolis_MCMC" 
".Call" "lsoda" "ode" "solveModel" "posterior" "run_metropolis_MCMC" 
".Call" "lsoda" "ode" "solveModel" "posterior" "run_metropolis_MCMC" 
".Call" "lsoda" "ode" "solveModel" "posterior" "run_metropolis_MCMC" 
".Call" "lsoda" "ode" "solveModel" "posterior" "run_metropolis_MCMC" 
".Call" "lsoda" "ode" "solveModel" "posterior" "run_metropolis_MCMC" 
".Call" "lsoda" "ode" "solveModel" "posterior" "run_metropolis_MCMC" 
".Call" "lsoda" "ode" "solveModel" "posterior" "run_metropolis_MCMC" 
".Call" "lsoda" "ode" "solveModel" "posterior" "run_metropolis_MCMC" 
".Call" "lsoda" "ode" "solveModel" "posterior" "run_metropolis_MCMC" 
".Call" "lsoda" "ode" "solveModel" "posterior" "run_metropolis_MCMC" 
".Call" "lsoda" "ode" "solveModel" "posterior" "run_metropolis_MCMC" 
".Call" "lsoda" "ode" "solveModel" "posterior" "run_metropolis_MCMC" 
"lsoda" "ode" "solveModel" "posterior" "run_metropolis_MCMC" 
".Call" "lsoda" "ode" "solveModel" "posterior" "run_metropolis_MCMC" 
".Call" "lsoda" "ode" "solveModel" "posterior" "run_metropolis_MCMC" 
".Call" "lsoda" "ode" "solveModel" "posterior" "run_metropolis_MCMC" 
".Call" "lsoda" "ode" "solveModel" "posterior" "run_metropolis_MCMC" 
".Call" "lsoda" "ode" "solveModel" "posterior" "run_metropolis_MCMC" 
".Call" "lsoda" "ode" "solveModel" "posterior" "run_metropolis_MCMC" 
".Call" "lsoda" "ode" "solveModel" "posterior" "run_metropolis_MCMC" 
".Call" "lsoda" "ode" "solveModel" "posterior" "run_metropolis_MCMC" 
".Call" "lsoda" "ode" "solveModel" "posterior" "run_metropolis_MCMC" 
".Call" "lsoda" "ode" "solveModel" "posterior" "run_metropolis_MCMC" 
".Call" "lsoda" "ode" "solveModel" "posterior" "run_metropolis_MCMC" 
".Call" "lsoda" "ode" "solveModel" "posterior" "run_metropolis_MCMC" 
".Call" "lsoda" "ode" "solveModel" "posterior" "run_metropolis_MCMC" 
".Call" "lsoda" "ode" "solveModel" "posterior" "run_metropolis_MCMC" 
".Call" "lsoda" "ode" "solveModel" "posterior" "run_metropolis_MCMC" 
".Call" "lsoda" "ode" "solveModel" "posterior" "run_metropolis_MCMC" 
".Call" "lsoda" "ode" "solveModel" "posterior" "run_metropolis_MCMC" 
".Call" "lsoda" "ode" "solveModel" "posterior" "run_metropolis_MCMC" 
".Call" "lsoda" "ode" "solveModel" "posterior" "run_metropolis_MCMC" 
".Call" "lsoda" "ode" "solveModel" "posterior" "run_metropolis_MCMC" 
".Call" "lsoda" "ode" "solveModel" "posterior" "run_metropolis_MCMC" 
".Call" "lsoda" "ode" "solveModel" "posterior" "run_metropolis_MCMC" 
".Call" "lsoda" "ode" "solveModel" "posterior" "run_metropolis_MCMC" 
".Call" "lsoda" "ode" "solveModel" "posterior" "run_metropolis_MCMC" 
".Call" "lsoda" "ode" "solveModel" "posterior" "run_metropolis_MCMC" 
".Call" "lsoda" "ode" "solveModel" "posterior" "run_metropolis_MCMC" 
".Call" "lsoda" "ode" "solveModel" "posterior" "run_metropolis_MCMC" 
".Call" "lsoda" "ode" "solveModel" "posterior" "run_metropolis_MCMC" 
".Call" "lsoda" "ode" "solveModel" "posterior" "run_metropolis_MCMC" 
".Call" "lsoda" "ode" "solveModel" "posterior" "run_metropolis_MCMC" 
".Call" "lsoda" "ode" "solveModel" "posterior" "run_metropolis_MCMC" 
".Call" "lsoda" "ode" "solveModel" "posterior" "run_metropolis_MCMC" 
".Call" "lsoda" "ode" "solveModel" "posterior" "run_metropolis_MCMC" 
".Call" "lsoda" "ode" "solveModel" "posterior" "run_metropolis_MCMC" 
".Call" "lsoda" "ode" "solveModel" "posterior" "run_metropolis_MCMC" 
".Call" "lsoda" "ode" "solveModel" "posterior" "run_metropolis_MCMC" 
".Call" "lsoda" "ode" "solveModel" "posterior" "run_metropolis_MCMC" 
".Call" "lsoda" "ode" "solveModel" "posterior" "run_metropolis_MCMC" 
".Call" "lsoda" "ode" "solveModel" "posterior" "run_metropolis_MCMC" 
".Call" "lsoda" "ode" "solveModel" "posterior" "run_metropolis_MCMC" 
".Call" "lsoda" "ode" "solveModel" "posterior" "run_metropolis_MCMC" 
".Call" "lsoda" "ode" "solveModel" "posterior" "run_metropolis_MCMC" 
".Call" "lsoda" "ode" "solveModel" "posterior" "run_metropolis_MCMC" 
".Call" "lsoda" "ode" "solveModel" "posterior" "run_metropolis_MCMC" 
".Call" "lsoda" "ode" "solveModel" "posterior" "run_metropolis_MCMC" 
".Call" "lsoda" "ode" "solveModel" "posterior" "run_metropolis_MCMC" 
".Call" "lsoda" "ode" "solveModel" "posterior" "run_metropolis_MCMC" 
".Call" "lsoda" "ode" "solveModel" "posterior" "run_metropolis_MCMC" 
".Call" "lsoda" "ode" "solveModel" "posterior" "run_metropolis_MCMC" 
".Call" "lsoda" "ode" "solveModel" "posterior" "run_metropolis_MCMC" 
".Call" "lsoda" "ode" "solveModel" "posterior" "run_metropolis_MCMC" 
".Call" "lsoda" "ode" "solveModel" "posterior" "run_metropolis_MCMC" 
".Call" "lsoda" "ode" "solveModel" "posterior" "run_metropolis_MCMC" 
".Call" "lsoda" "ode" "solveModel" "posterior" "run_metropolis_MCMC" 
".Call" "lsoda" "ode" "solveModel" "posterior" "run_metropolis_MCMC" 
".Call" "lsoda" "ode" "solveModel" "posterior" "run_metropolis_MCMC" 
".Call" "lsoda" "ode" "solveModel" "posterior" "run_metropolis_MCMC" 
".Call" "lsoda" "ode" "solveModel" "posterior" "run_metropolis_MCMC" 
".Call" "lsoda" "ode" "solveModel" "posterior" "run_metropolis_MCMC" 
".Call" "lsoda" "ode" "solveModel" "posterior" "run_metropolis_MCMC" 
".Call" "lsoda" "ode" "solveModel" "posterior" "run_metropolis_MCMC" 
".Call" "lsoda" "ode" "solveModel" "posterior" "run_metropolis_MCMC" 
".Call" "lsoda" "ode" "solveModel" "posterior" "run_metropolis_MCMC" 
".Call" "lsoda" "ode" "solveModel" "posterior" "run_metropolis_MCMC" 
"solveModel" "posterior" "run_metropolis_MCMC" 
".Call" "lsoda" "ode" "solveModel" "posterior" "run_metropolis_MCMC" 
".Call" "lsoda" "ode" "solveModel" "posterior" "run_metropolis_MCMC" 
".Call" "lsoda" "ode" "solveModel" "posterior" "run_metropolis_MCMC" 
".Call" "lsoda" "ode" "solveModel" "posterior" "run_metropolis_MCMC" 
".Call" "lsoda" "ode" "solveModel" "posterior" "run_metropolis_MCMC" 
".Call" "lsoda" "ode" "solveModel" "posterior" "run_metropolis_MCMC" 
".Call" "lsoda" "ode" "solveModel" "posterior" "run_metropolis_MCMC" 
".Call" "lsoda" "ode" "solveModel" "posterior" "run_metropolis_MCMC" 
".Call" "lsoda" "ode" "solveModel" "posterior" "run_metropolis_MCMC" 
"saveOut" "lsoda" "ode" "solveModel" "posterior" "run_metropolis_MCMC" 
".Call" "lsoda" "ode" "solveModel" "posterior" "run_metropolis_MCMC" 
".Call" "lsoda" "ode" "solveModel" "posterior" "run_metropolis_MCMC" 
".Call" "lsoda" "ode" "solveModel" "posterior" "run_metropolis_MCMC" 
".Call" "lsoda" "ode" "solveModel" "posterior" "run_metropolis_MCMC" 
".Call" "lsoda" "ode" "solveModel" "posterior" "run_metropolis_MCMC" 
".Call" "lsoda" "ode" "solveModel" "posterior" "run_metropolis_MCMC" 
".Call" "lsoda" "ode" "solveModel" "posterior" "run_metropolis_MCMC" 
".Call" "lsoda" "ode" "solveModel" "posterior" "run_metropolis_MCMC" 
".Call" "lsoda" "ode" "solveModel" "posterior" "run_metropolis_MCMC" 
".Call" "lsoda" "ode" "solveModel" "posterior" "run_metropolis_MCMC" 
".Call" "lsoda" "ode" "solveModel" "posterior" "run_metropolis_MCMC" 
".Call" "lsoda" "ode" "solveModel" "posterior" "run_metropolis_MCMC" 
".Call" "lsoda" "ode" "solveModel" "posterior" "run_metropolis_MCMC" 
".Call" "lsoda" "ode" "solveModel" "posterior" "run_metropolis_MCMC" 
".Call" "lsoda" "ode" "solveModel" "posterior" "run_metropolis_MCMC" 
".Call" "lsoda" "ode" "solveModel" "posterior" "run_metropolis_MCMC" 
".Call" "lsoda" "ode" "solveModel" "posterior" "run_metropolis_MCMC" 
".Call" "lsoda" "ode" "solveModel" "posterior" "run_metropolis_MCMC" 
".Call" "lsoda" "ode" "solveModel" "posterior" "run_metropolis_MCMC" 
".Call" "lsoda" "ode" "solveModel" "posterior" "run_metropolis_MCMC" 
".Call" "lsoda" "ode" "solveModel" "posterior" "run_metropolis_MCMC" 
".Call" "lsoda" "ode" "solveModel" "posterior" "run_metropolis_MCMC" 
".Call" "lsoda" "ode" "solveModel" "posterior" "run_metropolis_MCMC" 
".Call" "lsoda" "ode" "solveModel" "posterior" "run_metropolis_MCMC" 
".Call" "lsoda" "ode" "solveModel" "posterior" "run_metropolis_MCMC" 
".Call" "lsoda" "ode" "solveModel" "posterior" "run_metropolis_MCMC" 
".Call" "lsoda" "ode" "solveModel" "posterior" "run_metropolis_MCMC" 
".Call" "lsoda" "ode" "solveModel" "posterior" "run_metropolis_MCMC" 
".Call" "lsoda" "ode" "solveModel" "posterior" "run_metropolis_MCMC" 
".Call" "lsoda" "ode" "solveModel" "posterior" "run_metropolis_MCMC" 
".Call" "lsoda" "ode" "solveModel" "posterior" "run_metropolis_MCMC" 
".Call" "lsoda" "ode" "solveModel" "posterior" "run_metropolis_MCMC" 
".Call" "lsoda" "ode" "solveModel" "posterior" "run_metropolis_MCMC" 
".Call" "lsoda" "ode" "solveModel" "posterior" "run_metropolis_MCMC" 
".Call" "lsoda" "ode" "solveModel" "posterior" "run_metropolis_MCMC" 
".Call" "lsoda" "ode" "solveModel" "posterior" "run_metropolis_MCMC" 
".Call" "lsoda" "ode" "solveModel" "posterior" "run_metropolis_MCMC" 
".Call" "lsoda" "ode" "solveModel" "posterior" "run_metropolis_MCMC" 
".Call" "lsoda" "ode" "solveModel" "posterior" "run_metropolis_MCMC" 
".Call" "lsoda" "ode" "solveModel" "posterior" "run_metropolis_MCMC" 
".Call" "lsoda" "ode" "solveModel" "posterior" "run_metropolis_MCMC" 
".Call" "lsoda" "ode" "solveModel" "posterior" "run_metropolis_MCMC" 
".Call" "lsoda" "ode" "solveModel" "posterior" "run_metropolis_MCMC" 
".Call" "lsoda" "ode" "solveModel" "posterior" "run_metropolis_MCMC" 
".Call" "lsoda" "ode" "solveModel" "posterior" "run_metropolis_MCMC" 
".Call" "lsoda" "ode" "solveModel" "posterior" "run_metropolis_MCMC" 
".Call" "lsoda" "ode" "solveModel" "posterior" "run_metropolis_MCMC" 
".Call" "lsoda" "ode" "solveModel" "posterior" "run_metropolis_MCMC" 
".Call" "lsoda" "ode" "solveModel" "posterior" "run_metropolis_MCMC" 
".Call" "lsoda" "ode" "solveModel" "posterior" "run_metropolis_MCMC" 
".Call" "lsoda" "ode" "solveModel" "posterior" "run_metropolis_MCMC" 
".Call" "lsoda" "ode" "solveModel" "posterior" "run_metropolis_MCMC" 
".Call" "lsoda" "ode" "solveModel" "posterior" "run_metropolis_MCMC" 
".Call" "lsoda" "ode" "solveModel" "posterior" "run_metropolis_MCMC" 
".Call" "lsoda" "ode" "solveModel" "posterior" "run_metropolis_MCMC" 
".Call" "lsoda" "ode" "solveModel" "posterior" "run_metropolis_MCMC" 
".Call" "lsoda" "ode" "solveModel" "posterior" "run_metropolis_MCMC" 
".Call" "lsoda" "ode" "solveModel" "posterior" "run_metropolis_MCMC" 
".Call" "lsoda" "ode" "solveModel" "posterior" "run_metropolis_MCMC" 
".Call" "lsoda" "ode" "solveModel" "posterior" "run_metropolis_MCMC" 
".Call" "lsoda" "ode" "solveModel" "posterior" "run_metropolis_MCMC" 
".Call" "lsoda" "ode" "solveModel" "posterior" "run_metropolis_MCMC" 
".Call" "lsoda" "ode" "solveModel" "posterior" "run_metropolis_MCMC" 
".Call" "lsoda" "ode" "solveModel" "posterior" "run_metropolis_MCMC" 
"rbind" "solveModel" "posterior" "run_metropolis_MCMC" 
".Call" "lsoda" "ode" "solveModel" "posterior" "run_metropolis_MCMC" 
".Call" "lsoda" "ode" "solveModel" "posterior" "run_metropolis_MCMC" 
".Call" "lsoda" "ode" "solveModel" "posterior" "run_metropolis_MCMC" 
".Call" "lsoda" "ode" "solveModel" "posterior" "run_metropolis_MCMC" 
".Call" "lsoda" "ode" "solveModel" "posterior" "run_metropolis_MCMC" 
".Call" "lsoda" "ode" "solveModel" "posterior" "run_metropolis_MCMC" 
".Call" "lsoda" "ode" "solveModel" "posterior" "run_metropolis_MCMC" 
".Call" "lsoda" "ode" "solveModel" "posterior" "run_metropolis_MCMC" 
".Call" "lsoda" "ode" "solveModel" "posterior" "run_metropolis_MCMC" 
"print.default" "print" "run_metropolis_MCMC" 
".Call" "lsoda" "ode" "solveModel" "posterior" "run_metropolis_MCMC" 
".Call" "lsoda" "ode" "solveModel" "posterior" "run_metropolis_MCMC" 
".Call" "lsoda" "ode" "solveModel" "posterior" "run_metropolis_MCMC" 
".Call" "lsoda" "ode" "solveModel" "posterior" "run_metropolis_MCMC" 
".Call" "lsoda" "ode" "solveModel" "posterior" "run_metropolis_MCMC" 
".Call" "lsoda" "ode" "solveModel" "posterior" "run_metropolis_MCMC" 
".Call" "lsoda" "ode" "solveModel" "posterior" "run_metropolis_MCMC" 
".Call" "lsoda" "ode" "solveModel" "posterior" "run_metropolis_MCMC" 
".Call" "lsoda" "ode" "solveModel" "posterior" "run_metropolis_MCMC" 
".Call" "lsoda" "ode" "solveModel" "posterior" "run_metropolis_MCMC" 
".Call" "lsoda" "ode" "solveModel" "posterior" "run_metropolis_MCMC" 
".Call" "lsoda" "ode" "solveModel" "posterior" "run_metropolis_MCMC" 
".Call" "lsoda" "ode" "solveModel" "posterior" "run_metropolis_MCMC" 
".Call" "lsoda" "ode" "solveModel" "posterior" "run_metropolis_MCMC" 
".Call" "lsoda" "ode" "solveModel" "posterior" "run_metropolis_MCMC" 
".Call" "lsoda" "ode" "solveModel" "posterior" "run_metropolis_MCMC" 
".Call" "lsoda" "ode" "solveModel" "posterior" "run_metropolis_MCMC" 
".Call" "lsoda" "ode" "solveModel" "posterior" "run_metropolis_MCMC" 
".Call" "lsoda" "ode" "solveModel" "posterior" "run_metropolis_MCMC" 
".Call" "lsoda" "ode" "solveModel" "posterior" "run_metropolis_MCMC" 
".Call" "lsoda" "ode" "solveModel" "posterior" "run_metropolis_MCMC" 
".Call" "lsoda" "ode" "solveModel" "posterior" "run_metropolis_MCMC" 
".Call" "lsoda" "ode" "solveModel" "posterior" "run_metropolis_MCMC" 
".Call" "lsoda" "ode" "solveModel" "posterior" "run_metropolis_MCMC" 
".Call" "lsoda" "ode" "solveModel" "posterior" "run_metropolis_MCMC" 
".Call" "lsoda" "ode" "solveModel" "posterior" "run_metropolis_MCMC" 
".Call" "lsoda" "ode" "solveModel" "posterior" "run_metropolis_MCMC" 
".Call" "lsoda" "ode" "solveModel" "posterior" "run_metropolis_MCMC" 
".Call" "lsoda" "ode" "solveModel" "posterior" "run_metropolis_MCMC" 
".Call" "lsoda" "ode" "solveModel" "posterior" "run_metropolis_MCMC" 
".Call" "lsoda" "ode" "solveModel" "posterior" "run_metropolis_MCMC" 
".Call" "lsoda" "ode" "solveModel" "posterior" "run_metropolis_MCMC" 
".Call" "lsoda" "ode" "solveModel" "posterior" "run_metropolis_MCMC" 
".Call" "lsoda" "ode" "solveModel" "posterior" "run_metropolis_MCMC" 
".Call" "lsoda" "ode" "solveModel" "posterior" "run_metropolis_MCMC" 
".Call" "lsoda" "ode" "solveModel" "posterior" "run_metropolis_MCMC" 
".Call" "lsoda" "ode" "solveModel" "posterior" "run_metropolis_MCMC" 
".Call" "lsoda" "ode" "solveModel" "posterior" "run_metropolis_MCMC" 
"colnames<-" "solveModel" "posterior" "run_metropolis_MCMC" 
".Call" "lsoda" "ode" "solveModel" "posterior" "run_metropolis_MCMC" 
".Call" "lsoda" "ode" "solveModel" "posterior" "run_metropolis_MCMC" 
".Call" "lsoda" "ode" "solveModel" "posterior" "run_metropolis_MCMC" 
".Call" "lsoda" "ode" "solveModel" "posterior" "run_metropolis_MCMC" 
".Call" "lsoda" "ode" "solveModel" "posterior" "run_metropolis_MCMC" 
".Call" "lsoda" "ode" "solveModel" "posterior" "run_metropolis_MCMC" 
".Call" "lsoda" "ode" "solveModel" "posterior" "run_metropolis_MCMC" 
".Call" "lsoda" "ode" "solveModel" "posterior" "run_metropolis_MCMC" 
".Call" "lsoda" "ode" "solveModel" "posterior" "run_metropolis_MCMC" 
".Call" "lsoda" "ode" "solveModel" "posterior" "run_metropolis_MCMC" 
".Call" "lsoda" "ode" "solveModel" "posterior" "run_metropolis_MCMC" 
"checkDLL" "lsoda" "ode" "solveModel" "posterior" "run_metropolis_MCMC" 
".Call" "lsoda" "ode" "solveModel" "posterior" "run_metropolis_MCMC" 
".Call" "lsoda" "ode" "solveModel" "posterior" "run_metropolis_MCMC" 
".Call" "lsoda" "ode" "solveModel" "posterior" "run_metropolis_MCMC" 
".Call" "lsoda" "ode" "solveModel" "posterior" "run_metropolis_MCMC" 
".Call" "lsoda" "ode" "solveModel" "posterior" "run_metropolis_MCMC" 
".Call" "lsoda" "ode" "solveModel" "posterior" "run_metropolis_MCMC" 
".Call" "lsoda" "ode" "solveModel" "posterior" "run_metropolis_MCMC" 
".Call" "lsoda" "ode" "solveModel" "posterior" "run_metropolis_MCMC" 
".Call" "lsoda" "ode" "solveModel" "posterior" "run_metropolis_MCMC" 
".Call" "lsoda" "ode" "solveModel" "posterior" "run_metropolis_MCMC" 
".Call" "lsoda" "ode" "solveModel" "posterior" "run_metropolis_MCMC" 
".Call" "lsoda" "ode" "solveModel" "posterior" "run_metropolis_MCMC" 
".Call" "lsoda" "ode" "solveModel" "posterior" "run_metropolis_MCMC" 
".Call" "lsoda" "ode" "solveModel" "posterior" "run_metropolis_MCMC" 
".Call" "lsoda" "ode" "solveModel" "posterior" "run_metropolis_MCMC" 
".Call" "lsoda" "ode" "solveModel" "posterior" "run_metropolis_MCMC" 
".Call" "lsoda" "ode" "solveModel" "posterior" "run_metropolis_MCMC" 
".Call" "lsoda" "ode" "solveModel" "posterior" "run_metropolis_MCMC" 
".Call" "lsoda" "ode" "solveModel" "posterior" "run_metropolis_MCMC" 
".Call" "lsoda" "ode" "solveModel" "posterior" "run_metropolis_MCMC" 
".Call" "lsoda" "ode" "solveModel" "posterior" "run_metropolis_MCMC" 
".Call" "lsoda" "ode" "solveModel" "posterior" "run_metropolis_MCMC" 
".Call" "lsoda" "ode" "solveModel" "posterior" "run_metropolis_MCMC" 
".Call" "lsoda" "ode" "solveModel" "posterior" "run_metropolis_MCMC" 
".Call" "lsoda" "ode" "solveModel" "posterior" "run_metropolis_MCMC" 
".Call" "lsoda" "ode" "solveModel" "posterior" "run_metropolis_MCMC" 
".Call" "lsoda" "ode" "solveModel" "posterior" "run_metropolis_MCMC" 
".Call" "lsoda" "ode" "solveModel" "posterior" "run_metropolis_MCMC" 
".Call" "lsoda" "ode" "solveModel" "posterior" "run_metropolis_MCMC" 
".Call" "lsoda" "ode" "solveModel" "posterior" "run_metropolis_MCMC" 
".Call" "lsoda" "ode" "solveModel" "posterior" "run_metropolis_MCMC" 
".Call" "lsoda" "ode" "solveModel" "posterior" "run_metropolis_MCMC" 
".Call" "lsoda" "ode" "solveModel" "posterior" "run_metropolis_MCMC" 
"solveModel" "posterior" "run_metropolis_MCMC" 
".Call" "lsoda" "ode" "solveModel" "posterior" "run_metropolis_MCMC" 
".Call" "lsoda" "ode" "solveModel" "posterior" "run_metropolis_MCMC" 
".Call" "lsoda" "ode" "solveModel" "posterior" "run_metropolis_MCMC" 
".Call" "lsoda" "ode" "solveModel" "posterior" "run_metropolis_MCMC" 
".Call" "lsoda" "ode" "solveModel" "posterior" "run_metropolis_MCMC" 
".Call" "lsoda" "ode" "solveModel" "posterior" "run_metropolis_MCMC" 
".Call" "lsoda" "ode" "solveModel" "posterior" "run_metropolis_MCMC" 
".Call" "lsoda" "ode" "solveModel" "posterior" "run_metropolis_MCMC" 
".Call" "lsoda" "ode" "solveModel" "posterior" "run_metropolis_MCMC" 
".Call" "lsoda" "ode" "solveModel" "posterior" "run_metropolis_MCMC" 
".Call" "lsoda" "ode" "solveModel" "posterior" "run_metropolis_MCMC" 
".Call" "lsoda" "ode" "solveModel" "posterior" "run_metropolis_MCMC" 
".Call" "lsoda" "ode" "solveModel" "posterior" "run_metropolis_MCMC" 
".Call" "lsoda" "ode" "solveModel" "posterior" "run_metropolis_MCMC" 
".Call" "lsoda" "ode" "solveModel" "posterior" "run_metropolis_MCMC" 
".Call" "lsoda" "ode" "solveModel" "posterior" "run_metropolis_MCMC" 
".Call" "lsoda" "ode" "solveModel" "posterior" "run_metropolis_MCMC" 
".Call" "lsoda" "ode" "solveModel" "posterior" "run_metropolis_MCMC" 
".Call" "lsoda" "ode" "solveModel" "posterior" "run_metropolis_MCMC" 
".Call" "lsoda" "ode" "solveModel" "posterior" "run_metropolis_MCMC" 
".Call" "lsoda" "ode" "solveModel" "posterior" "run_metropolis_MCMC" 
".Call" "lsoda" "ode" "solveModel" "posterior" "run_metropolis_MCMC" 
".Call" "lsoda" "ode" "solveModel" "posterior" "run_metropolis_MCMC" 
"rbind" "solveModel" "posterior" "run_metropolis_MCMC" 
".Call" "lsoda" "ode" "solveModel" "posterior" "run_metropolis_MCMC" 
".Call" "lsoda" "ode" "solveModel" "posterior" "run_metropolis_MCMC" 
".Call" "lsoda" "ode" "solveModel" "posterior" "run_metropolis_MCMC" 
".Call" "lsoda" "ode" "solveModel" "posterior" "run_metropolis_MCMC" 
".Call" "lsoda" "ode" "solveModel" "posterior" "run_metropolis_MCMC" 
".Call" "lsoda" "ode" "solveModel" "posterior" "run_metropolis_MCMC" 
".Call" "lsoda" "ode" "solveModel" "posterior" "run_metropolis_MCMC" 
".Call" "lsoda" "ode" "solveModel" "posterior" "run_metropolis_MCMC" 
".Call" "lsoda" "ode" "solveModel" "posterior" "run_metropolis_MCMC" 
".Call" "lsoda" "ode" "solveModel" "posterior" "run_metropolis_MCMC" 
".Call" "lsoda" "ode" "solveModel" "posterior" "run_metropolis_MCMC" 
".Call" "lsoda" "ode" "solveModel" "posterior" "run_metropolis_MCMC" 
".Call" "lsoda" "ode" "solveModel" "posterior" "run_metropolis_MCMC" 
".Call" "lsoda" "ode" "solveModel" "posterior" "run_metropolis_MCMC" 
".Call" "lsoda" "ode" "solveModel" "posterior" "run_metropolis_MCMC" 
".Call" "lsoda" "ode" "solveModel" "posterior" "run_metropolis_MCMC" 
".Call" "lsoda" "ode" "solveModel" "posterior" "run_metropolis_MCMC" 
".Call" "lsoda" "ode" "solveModel" "posterior" "run_metropolis_MCMC" 
".Call" "lsoda" "ode" "solveModel" "posterior" "run_metropolis_MCMC" 
".Call" "lsoda" "ode" "solveModel" "posterior" "run_metropolis_MCMC" 
".Call" "lsoda" "ode" "solveModel" "posterior" "run_metropolis_MCMC" 
".Call" "lsoda" "ode" "solveModel" "posterior" "run_metropolis_MCMC" 
".Call" "lsoda" "ode" "solveModel" "posterior" "run_metropolis_MCMC" 
".Call" "lsoda" "ode" "solveModel" "posterior" "run_metropolis_MCMC" 
".Call" "lsoda" "ode" "solveModel" "posterior" "run_metropolis_MCMC" 
".Call" "lsoda" "ode" "solveModel" "posterior" "run_metropolis_MCMC" 
".Call" "lsoda" "ode" "solveModel" "posterior" "run_metropolis_MCMC" 
".Call" "lsoda" "ode" "solveModel" "posterior" "run_metropolis_MCMC" 
"saveOut" "lsoda" "ode" "solveModel" "posterior" "run_metropolis_MCMC" 
".Call" "lsoda" "ode" "solveModel" "posterior" "run_metropolis_MCMC" 
".Call" "lsoda" "ode" "solveModel" "posterior" "run_metropolis_MCMC" 
